hms-location-demo-android-studio/java/app/build/outputs/logs/manifest-merger-debug-report.txt
-- Merging decision tree log ---
provider#com.huawei.hms.update.provider.UpdateProvider
INJECTED from src\main\AndroidManifest.xml:84:9-88:50
MERGED from [com.huawei.hms:availableupdate:5.3.0.301] AndroidManifest.xml:25:9-30:20
MERGED from [com.huawei.hms:availableupdate:5.3.0.301] AndroidManifest.xml:25:9-30:20
	android:grantUriPermissions
		ADDED from src\main\AndroidManifest.xml:88:13-47
	android:authorities
		INJECTED from src\main\AndroidManifest.xml
		ADDED from src\main\AndroidManifest.xml:86:13-71
	android:exported
		ADDED from src\main\AndroidManifest.xml:87:13-37
	android:name
		ADDED from src\main\AndroidManifest.xml:85:13-73
manifest
ADDED from src\main\AndroidManifest.xml:2:1-91:12
INJECTED from src\main\AndroidManifest.xml:2:1-91:12
INJECTED from src\main\AndroidManifest.xml:2:1-91:12
INJECTED from src\main\AndroidManifest.xml:2:1-91:12
MERGED from [androidx.appcompat:appcompat:1.1.0] AndroidManifest.xml:17:1-24:12
MERGED from [com.huawei.hms:location:6.0.0.302] AndroidManifest.xml:3:1-33:12
MERGED from [com.android.support.constraint:constraint-layout:1.1.3] AndroidManifest.xml:2:1-11:12
MERGED from [androidx.cursoradapter:cursoradapter:1.0.0] AndroidManifest.xml:17:1-22:12
MERGED from [androidx.fragment:fragment:1.1.0] AndroidManifest.xml:17:1-24:12
MERGED from [androidx.appcompat:appcompat-resources:1.1.0] AndroidManifest.xml:17:1-24:12
MERGED from [androidx.drawerlayout:drawerlayout:1.0.0] AndroidManifest.xml:17:1-22:12
MERGED from [androidx.vectordrawable:vectordrawable-animated:1.1.0] AndroidManifest.xml:17:1-24:12
MERGED from [androidx.vectordrawable:vectordrawable:1.1.0] AndroidManifest.xml:17:1-24:12
MERGED from [com.huawei.hms.LocationLiteSdk:core:2.0.0.302] AndroidManifest.xml:2:1-24:12
MERGED from [androidx.viewpager:viewpager:1.0.0] AndroidManifest.xml:17:1-22:12
MERGED from [androidx.loader:loader:1.0.0] AndroidManifest.xml:17:1-22:12
MERGED from [androidx.activity:activity:1.0.0] AndroidManifest.xml:17:1-24:12
MERGED from [androidx.customview:customview:1.0.0] AndroidManifest.xml:17:1-22:12
MERGED from [androidx.core:core:1.3.1] AndroidManifest.xml:17:1-26:12
MERGED from [androidx.versionedparcelable:versionedparcelable:1.1.0] AndroidManifest.xml:17:1-27:12
MERGED from [androidx.lifecycle:lifecycle-viewmodel:2.1.0] AndroidManifest.xml:17:1-22:12
MERGED from [androidx.lifecycle:lifecycle-runtime:2.1.0] AndroidManifest.xml:17:1-22:12
MERGED from [androidx.savedstate:savedstate:1.0.0] AndroidManifest.xml:17:1-24:12
MERGED from [androidx.interpolator:interpolator:1.0.0] AndroidManifest.xml:17:1-22:12
MERGED from [androidx.lifecycle:lifecycle-livedata:2.0.0] AndroidManifest.xml:17:1-22:12
MERGED from [androidx.lifecycle:lifecycle-livedata-core:2.0.0] AndroidManifest.xml:17:1-22:12
MERGED from [androidx.arch.core:core-runtime:2.0.0] AndroidManifest.xml:17:1-22:12
MERGED from [com.huawei.hms:ucs-credential-developers:1.0.1.312] AndroidManifest.xml:2:1-15:12
MERGED from [com.huawei.hms:hianalytics:5.2.0.301] AndroidManifest.xml:2:1-32:12
MERGED from [com.huawei.hms:opendevice:5.1.1.301] AndroidManifest.xml:2:1-24:12
MERGED from [com.huawei.hms:base:5.3.0.301] AndroidManifest.xml:2:1-25:12
MERGED from [com.huawei.hms:availableupdate:5.3.0.301] AndroidManifest.xml:2:1-33:12
MERGED from [com.huawei.hms:stats:5.3.0.301] AndroidManifest.xml:2:1-16:12
MERGED from [com.huawei.hms:ui:5.3.0.301] AndroidManifest.xml:2:1-29:12
MERGED from [com.huawei.hms:device:5.3.0.301] AndroidManifest.xml:2:1-22:12
MERGED from [com.huawei.hms:log:5.3.0.301] AndroidManifest.xml:2:1-11:12
MERGED from [com.huawei.agconnect:agconnect-credential:1.4.0.300] AndroidManifest.xml:2:1-28:12
MERGED from [com.huawei.agconnect:agconnect-core:1.5.0.300] AndroidManifest.xml:2:1-21:12
MERGED from [com.huawei.agconnect:agconnect-https:1.4.0.300] AndroidManifest.xml:3:1-13:12
MERGED from [com.huawei.hmf:tasks:1.4.1.300] AndroidManifest.xml:2:1-10:12
MERGED from [com.huawei.hms:update:3.0.2.300] AndroidManifest.xml:2:1-48:12
MERGED from [com.huawei.hms:network-embedded:5.0.2.300] AndroidManifest.xml:3:1-29:12
MERGED from [com.huawei.hms:network-grs:5.0.4.300] AndroidManifest.xml:2:1-11:12
MERGED from [com.huawei.android.hms:security-intent:1.1.5.306] AndroidManifest.xml:2:1-9:12
MERGED from [com.huawei.android.hms:security-base:1.1.5.306] AndroidManifest.xml:2:1-9:12
MERGED from [com.huawei.hms:hatool:5.3.0.301] AndroidManifest.xml:2:1-9:12
MERGED from [com.huawei.android.hms:security-ssl:1.1.5.306] AndroidManifest.xml:2:1-15:12
MERGED from [com.huawei.android.hms:security-encrypt:1.1.5.306] AndroidManifest.xml:2:1-11:12
MERGED from [com.huawei.hms:network-framework-compat:5.0.4.300] AndroidManifest.xml:2:1-11:12
MERGED from [com.huawei.hms:network-api:5.0.2.300] AndroidManifest.xml:3:1-27:12
MERGED from [com.huawei.hms:network-base:5.0.2.300] AndroidManifest.xml:2:1-11:12
MERGED from [com.huawei.hms:network-common:5.0.4.300] AndroidManifest.xml:2:1-11:12
MERGED from [com.huawei.hms:ucs-common:1.0.1.312] AndroidManifest.xml:2:1-11:12
MERGED from [com.huawei.hms:componentverifysdk:11.2.1.300] AndroidManifest.xml:2:1-13:12
MERGED from [com.huawei.hms:dynamic-api:1.0.17.300] AndroidManifest.xml:2:1-25:12
MERGED from [com.huawei.agconnect:datastore-core:1.4.0.300] AndroidManifest.xml:2:1-10:12
INJECTED from src\main\AndroidManifest.xml:2:1-91:12
INJECTED from src\main\AndroidManifest.xml:2:1-91:12
INJECTED from src\main\AndroidManifest.xml:2:1-91:12
	package
		ADDED from src\main\AndroidManifest.xml:3:5-36
		INJECTED from src\main\AndroidManifest.xml
		INJECTED from src\main\AndroidManifest.xml
	android:versionName
		INJECTED from src\main\AndroidManifest.xml
		ADDED from src\main\AndroidManifest.xml:2:1-91:12
		INJECTED from src\main\AndroidManifest.xml
	android:versionCode
		INJECTED from src\main\AndroidManifest.xml
		ADDED from src\main\AndroidManifest.xml:2:1-91:12
		INJECTED from src\main\AndroidManifest.xml
	xmlns:android
		ADDED from src\main\AndroidManifest.xml:2:11-69
uses-permission#android.permission.BLUETOOTH
ADDED from src\main\AndroidManifest.xml:5:5-68
	android:name
		ADDED from src\main\AndroidManifest.xml:5:22-65
uses-permission#android.permission.BLUETOOTH_ADMIN
ADDED from src\main\AndroidManifest.xml:6:5-74
	android:name
		ADDED from src\main\AndroidManifest.xml:6:22-71
uses-permission#android.permission.INTERNET
ADDED from src\main\AndroidManifest.xml:7:5-67
MERGED from [com.huawei.hms.LocationLiteSdk:core:2.0.0.302] AndroidManifest.xml:11:5-67
MERGED from [com.huawei.hms.LocationLiteSdk:core:2.0.0.302] AndroidManifest.xml:11:5-67
MERGED from [com.huawei.hms:ucs-credential-developers:1.0.1.312] AndroidManifest.xml:12:5-67
MERGED from [com.huawei.hms:ucs-credential-developers:1.0.1.312] AndroidManifest.xml:12:5-67
MERGED from [com.huawei.hms:hianalytics:5.2.0.301] AndroidManifest.xml:11:5-67
MERGED from [com.huawei.hms:hianalytics:5.2.0.301] AndroidManifest.xml:11:5-67
MERGED from [com.huawei.hms:base:5.3.0.301] AndroidManifest.xml:10:5-67
MERGED from [com.huawei.hms:base:5.3.0.301] AndroidManifest.xml:10:5-67
MERGED from [com.huawei.hms:availableupdate:5.3.0.301] AndroidManifest.xml:10:5-67
MERGED from [com.huawei.hms:availableupdate:5.3.0.301] AndroidManifest.xml:10:5-67
MERGED from [com.huawei.hms:stats:5.3.0.301] AndroidManifest.xml:10:5-67
MERGED from [com.huawei.hms:stats:5.3.0.301] AndroidManifest.xml:10:5-67
MERGED from [com.huawei.agconnect:agconnect-credential:1.4.0.300] AndroidManifest.xml:12:5-67
MERGED from [com.huawei.agconnect:agconnect-credential:1.4.0.300] AndroidManifest.xml:12:5-67
MERGED from [com.huawei.hms:update:3.0.2.300] AndroidManifest.xml:11:5-67
MERGED from [com.huawei.hms:update:3.0.2.300] AndroidManifest.xml:11:5-67
	android:name
		ADDED from src\main\AndroidManifest.xml:7:22-64
uses-permission#android.permission.WRITE_EXTERNAL_STORAGE
ADDED from src\main\AndroidManifest.xml:8:5-81
	android:name
		ADDED from src\main\AndroidManifest.xml:8:22-78
uses-permission#android.permission.ACCESS_NETWORK_STATE
ADDED from src\main\AndroidManifest.xml:9:5-79
MERGED from [com.huawei.hms.LocationLiteSdk:core:2.0.0.302] AndroidManifest.xml:12:5-79
MERGED from [com.huawei.hms.LocationLiteSdk:core:2.0.0.302] AndroidManifest.xml:12:5-79
MERGED from [com.huawei.hms:ucs-credential-developers:1.0.1.312] AndroidManifest.xml:13:5-79
MERGED from [com.huawei.hms:ucs-credential-developers:1.0.1.312] AndroidManifest.xml:13:5-79
MERGED from [com.huawei.hms:hianalytics:5.2.0.301] AndroidManifest.xml:12:5-79
MERGED from [com.huawei.hms:hianalytics:5.2.0.301] AndroidManifest.xml:12:5-79
MERGED from [com.huawei.hms:availableupdate:5.3.0.301] AndroidManifest.xml:12:5-79
MERGED from [com.huawei.hms:availableupdate:5.3.0.301] AndroidManifest.xml:12:5-79
MERGED from [com.huawei.hms:stats:5.3.0.301] AndroidManifest.xml:12:5-79
MERGED from [com.huawei.hms:stats:5.3.0.301] AndroidManifest.xml:12:5-79
MERGED from [com.huawei.hms:device:5.3.0.301] AndroidManifest.xml:12:5-79
MERGED from [com.huawei.hms:device:5.3.0.301] AndroidManifest.xml:12:5-79
MERGED from [com.huawei.agconnect:agconnect-https:1.4.0.300] AndroidManifest.xml:11:5-79
MERGED from [com.huawei.agconnect:agconnect-https:1.4.0.300] AndroidManifest.xml:11:5-79
MERGED from [com.huawei.hms:update:3.0.2.300] AndroidManifest.xml:12:5-79
MERGED from [com.huawei.hms:update:3.0.2.300] AndroidManifest.xml:12:5-79
MERGED from [com.huawei.hms:network-embedded:5.0.2.300] AndroidManifest.xml:12:5-79
MERGED from [com.huawei.hms:network-embedded:5.0.2.300] AndroidManifest.xml:12:5-79
	android:name
		ADDED from src\main\AndroidManifest.xml:9:22-76
uses-permission#android.permission.ACCESS_WIFI_STATE
ADDED from src\main\AndroidManifest.xml:10:5-76
MERGED from [com.huawei.hms.LocationLiteSdk:core:2.0.0.302] AndroidManifest.xml:14:5-76
MERGED from [com.huawei.hms.LocationLiteSdk:core:2.0.0.302] AndroidManifest.xml:14:5-76
MERGED from [com.huawei.hms:ucs-credential-developers:1.0.1.312] AndroidManifest.xml:11:5-76
MERGED from [com.huawei.hms:ucs-credential-developers:1.0.1.312] AndroidManifest.xml:11:5-76
	android:name
		ADDED from src\main\AndroidManifest.xml:10:22-73
uses-permission#android.permission.WAKE_LOCK
ADDED from src\main\AndroidManifest.xml:11:5-68
	android:name
		ADDED from src\main\AndroidManifest.xml:11:22-65
uses-permission#android.permission.ACCESS_FINE_LOCATION
ADDED from src\main\AndroidManifest.xml:12:5-79
MERGED from [com.huawei.hms.LocationLiteSdk:core:2.0.0.302] AndroidManifest.xml:13:5-79
MERGED from [com.huawei.hms.LocationLiteSdk:core:2.0.0.302] AndroidManifest.xml:13:5-79
	android:name
		ADDED from src\main\AndroidManifest.xml:12:22-76
uses-permission#android.permission.ACCESS_COARSE_LOCATION
ADDED from src\main\AndroidManifest.xml:13:5-81
MERGED from [com.huawei.hms.LocationLiteSdk:core:2.0.0.302] AndroidManifest.xml:16:5-81
MERGED from [com.huawei.hms.LocationLiteSdk:core:2.0.0.302] AndroidManifest.xml:16:5-81
	android:name
		ADDED from src\main\AndroidManifest.xml:13:22-78
uses-permission#android.permission.ACCESS_BACKGROUND_LOCATION
ADDED from src\main\AndroidManifest.xml:14:5-85
	android:name
		ADDED from src\main\AndroidManifest.xml:14:22-82
uses-permission#com.huawei.hms.permission.ACTIVITY_RECOGNITION
ADDED from src\main\AndroidManifest.xml:15:5-86
	android:name
		ADDED from src\main\AndroidManifest.xml:15:22-83
uses-permission#android.permission.ACTIVITY_RECOGNITION
ADDED from src\main\AndroidManifest.xml:16:5-79
	android:name
		ADDED from src\main\AndroidManifest.xml:16:22-76
uses-permission#android.permission.ACCESS_MOCK_LOCATION
ADDED from src\main\AndroidManifest.xml:17:5-79
	android:name
		ADDED from src\main\AndroidManifest.xml:17:22-76
uses-permission#android.permission.CHANGE_WIFI_STATE
ADDED from src\main\AndroidManifest.xml:18:5-76
MERGED from [com.huawei.hms.LocationLiteSdk:core:2.0.0.302] AndroidManifest.xml:15:5-76
MERGED from [com.huawei.hms.LocationLiteSdk:core:2.0.0.302] AndroidManifest.xml:15:5-76
	android:name
		ADDED from src\main\AndroidManifest.xml:18:22-73
application
ADDED from src\main\AndroidManifest.xml:20:5-89:19
MERGED from [com.huawei.hms:location:6.0.0.302] AndroidManifest.xml:11:5-31:19
MERGED from [com.huawei.hms:location:6.0.0.302] AndroidManifest.xml:11:5-31:19
MERGED from [com.android.support.constraint:constraint-layout:1.1.3] AndroidManifest.xml:9:5-20
MERGED from [com.android.support.constraint:constraint-layout:1.1.3] AndroidManifest.xml:9:5-20
MERGED from [com.huawei.hms.LocationLiteSdk:core:2.0.0.302] AndroidManifest.xml:18:5-22:19
MERGED from [com.huawei.hms.LocationLiteSdk:core:2.0.0.302] AndroidManifest.xml:18:5-22:19
MERGED from [androidx.core:core:1.3.1] AndroidManifest.xml:24:5-89
MERGED from [androidx.core:core:1.3.1] AndroidManifest.xml:24:5-89
MERGED from [androidx.versionedparcelable:versionedparcelable:1.1.0] AndroidManifest.xml:24:5-25:19
MERGED from [androidx.versionedparcelable:versionedparcelable:1.1.0] AndroidManifest.xml:24:5-25:19
MERGED from [com.huawei.hms:hianalytics:5.2.0.301] AndroidManifest.xml:15:5-30:19
MERGED from [com.huawei.hms:hianalytics:5.2.0.301] AndroidManifest.xml:15:5-30:19
MERGED from [com.huawei.hms:opendevice:5.1.1.301] AndroidManifest.xml:9:5-22:19
MERGED from [com.huawei.hms:opendevice:5.1.1.301] AndroidManifest.xml:9:5-22:19
MERGED from [com.huawei.hms:base:5.3.0.301] AndroidManifest.xml:12:5-23:19
MERGED from [com.huawei.hms:base:5.3.0.301] AndroidManifest.xml:12:5-23:19
MERGED from [com.huawei.hms:availableupdate:5.3.0.301] AndroidManifest.xml:18:5-31:19
MERGED from [com.huawei.hms:availableupdate:5.3.0.301] AndroidManifest.xml:18:5-31:19
MERGED from [com.huawei.hms:stats:5.3.0.301] AndroidManifest.xml:14:5-20
MERGED from [com.huawei.hms:stats:5.3.0.301] AndroidManifest.xml:14:5-20
MERGED from [com.huawei.hms:ui:5.3.0.301] AndroidManifest.xml:9:5-27:19
MERGED from [com.huawei.hms:ui:5.3.0.301] AndroidManifest.xml:9:5-27:19
MERGED from [com.huawei.hms:device:5.3.0.301] AndroidManifest.xml:14:5-20:19
MERGED from [com.huawei.hms:device:5.3.0.301] AndroidManifest.xml:14:5-20:19
MERGED from [com.huawei.hms:log:5.3.0.301] AndroidManifest.xml:9:5-20
MERGED from [com.huawei.hms:log:5.3.0.301] AndroidManifest.xml:9:5-20
MERGED from [com.huawei.agconnect:agconnect-credential:1.4.0.300] AndroidManifest.xml:14:5-26:19
MERGED from [com.huawei.agconnect:agconnect-credential:1.4.0.300] AndroidManifest.xml:14:5-26:19
MERGED from [com.huawei.agconnect:agconnect-core:1.5.0.300] AndroidManifest.xml:10:5-19:19
MERGED from [com.huawei.agconnect:agconnect-core:1.5.0.300] AndroidManifest.xml:10:5-19:19
MERGED from [com.huawei.hms:update:3.0.2.300] AndroidManifest.xml:20:5-46:19
MERGED from [com.huawei.hms:update:3.0.2.300] AndroidManifest.xml:20:5-46:19
MERGED from [com.huawei.hms:network-embedded:5.0.2.300] AndroidManifest.xml:14:5-27:19
MERGED from [com.huawei.hms:network-embedded:5.0.2.300] AndroidManifest.xml:14:5-27:19
MERGED from [com.huawei.android.hms:security-ssl:1.1.5.306] AndroidManifest.xml:9:5-13:19
MERGED from [com.huawei.android.hms:security-ssl:1.1.5.306] AndroidManifest.xml:9:5-13:19
MERGED from [com.huawei.hms:network-api:5.0.2.300] AndroidManifest.xml:14:5-25:19
MERGED from [com.huawei.hms:network-api:5.0.2.300] AndroidManifest.xml:14:5-25:19
MERGED from [com.huawei.hms:componentverifysdk:11.2.1.300] AndroidManifest.xml:10:5-11:19
MERGED from [com.huawei.hms:componentverifysdk:11.2.1.300] AndroidManifest.xml:10:5-11:19
MERGED from [com.huawei.hms:dynamic-api:1.0.17.300] AndroidManifest.xml:16:5-23:19
MERGED from [com.huawei.hms:dynamic-api:1.0.17.300] AndroidManifest.xml:16:5-23:19
	android:appComponentFactory
		ADDED from [androidx.core:core:1.3.1] AndroidManifest.xml:24:18-86
	android:supportsRtl
		ADDED from src\main\AndroidManifest.xml:24:9-35
	android:label
		ADDED from src\main\AndroidManifest.xml:23:9-41
	android:icon
		ADDED from src\main\AndroidManifest.xml:22:9-43
	android:allowBackup
		ADDED from src\main\AndroidManifest.xml:21:9-36
	android:theme
		ADDED from src\main\AndroidManifest.xml:25:9-40
meta-data#com.huawei.hms.client.channel.androidMarket
ADDED from src\main\AndroidManifest.xml:27:9-29:37
MERGED from [com.huawei.hms:location:6.0.0.302] AndroidManifest.xml:28:9-30:37
MERGED from [com.huawei.hms:location:6.0.0.302] AndroidManifest.xml:28:9-30:37
	android:value
		ADDED from src\main\AndroidManifest.xml:29:13-34
	android:name
		ADDED from src\main\AndroidManifest.xml:28:13-71
activity#com.huawei.hmssample2.NavigationContextStateActivity
ADDED from src\main\AndroidManifest.xml:31:9-68
	android:name
		ADDED from src\main\AndroidManifest.xml:31:19-65
activity#com.huawei.hmssample2.location.fusedlocation.CheckSettingActivity
ADDED from src\main\AndroidManifest.xml:32:9-80
	android:name
		ADDED from src\main\AndroidManifest.xml:32:19-78
activity#com.huawei.hmssample2.geofence.OperateGeoFenceActivity
ADDED from src\main\AndroidManifest.xml:33:9-70
	android:name
		ADDED from src\main\AndroidManifest.xml:33:19-67
activity#com.huawei.hmssample2.geofence.GeoFenceActivity
ADDED from src\main\AndroidManifest.xml:34:9-63
	android:name
		ADDED from src\main\AndroidManifest.xml:34:19-60
activity#com.huawei.hmssample2.HuaweiLocationActivity
ADDED from src\main\AndroidManifest.xml:35:9-41:20
	android:name
		ADDED from src\main\AndroidManifest.xml:35:19-57
intent-filter#action:name:android.intent.action.MAIN+category:name:android.intent.category.LAUNCHER
ADDED from src\main\AndroidManifest.xml:36:13-40:29
action#android.intent.action.MAIN
ADDED from src\main\AndroidManifest.xml:37:17-69
	android:name
		ADDED from src\main\AndroidManifest.xml:37:25-66
category#android.intent.category.LAUNCHER
ADDED from src\main\AndroidManifest.xml:39:17-77
	android:name
		ADDED from src\main\AndroidManifest.xml:39:27-74
activity#com.huawei.hmssample2.location.fusedlocation.RequestLocationUpdatesWithCallbackActivity
ADDED from src\main\AndroidManifest.xml:42:9-44:62
	android:configChanges
		ADDED from src\main\AndroidManifest.xml:44:13-59
	android:name
		ADDED from src\main\AndroidManifest.xml:43:13-94
activity#com.huawei.hmssample2.location.fusedlocation.RequestLocationUpdatesWithIntentActivity
ADDED from src\main\AndroidManifest.xml:45:9-47:62
	android:configChanges
		ADDED from src\main\AndroidManifest.xml:47:13-59
	android:name
		ADDED from src\main\AndroidManifest.xml:46:13-92
activity#com.huawei.hmssample2.location.fusedlocation.GetLastLocationActivity
ADDED from src\main\AndroidManifest.xml:48:9-50:62
	android:configChanges
		ADDED from src\main\AndroidManifest.xml:50:13-59
	android:name
		ADDED from src\main\AndroidManifest.xml:49:13-75
activity#com.huawei.hmssample2.location.fusedlocation.GetLocationAvailabilityActivity
ADDED from src\main\AndroidManifest.xml:51:9-53:62
	android:configChanges
		ADDED from src\main\AndroidManifest.xml:53:13-59
	android:name
		ADDED from src\main\AndroidManifest.xml:52:13-83
activity#com.huawei.hmssample2.location.fusedlocation.SetMockModeActivity
ADDED from src\main\AndroidManifest.xml:54:9-56:62
	android:configChanges
		ADDED from src\main\AndroidManifest.xml:56:13-59
	android:name
		ADDED from src\main\AndroidManifest.xml:55:13-71
activity#com.huawei.hmssample2.location.fusedlocation.SetMockLocationActivity
ADDED from src\main\AndroidManifest.xml:57:9-59:62
	android:configChanges
		ADDED from src\main\AndroidManifest.xml:59:13-59
	android:name
		ADDED from src\main\AndroidManifest.xml:58:13-75
activity#com.huawei.hmssample2.activity.ActivityConversionActivity
ADDED from src\main\AndroidManifest.xml:60:9-62:62
	android:configChanges
		ADDED from src\main\AndroidManifest.xml:62:13-59
	android:name
		ADDED from src\main\AndroidManifest.xml:61:13-64
activity#com.huawei.hmssample2.activity.ActivityIdentificationActivity
ADDED from src\main\AndroidManifest.xml:63:9-65:62
	android:configChanges
		ADDED from src\main\AndroidManifest.xml:65:13-59
	android:name
		ADDED from src\main\AndroidManifest.xml:64:13-68
activity#com.huawei.hmssample2.location.fusedlocation.RequestLocationUpdatesHDWithCallbackActivity
ADDED from src\main\AndroidManifest.xml:66:9-68:62
	android:configChanges
		ADDED from src\main\AndroidManifest.xml:68:13-59
	android:name
		ADDED from src\main\AndroidManifest.xml:67:13-96
receiver#com.huawei.hmssample2.location.fusedlocation.LocationBroadcastReceiver
ADDED from src\main\AndroidManifest.xml:69:9-75:20
	android:exported
		ADDED from src\main\AndroidManifest.xml:71:13-36
	android:name
		ADDED from src\main\AndroidManifest.xml:70:13-77
intent-filter#action:name:com.huawei.hmssample.location.LocationBroadcastReceiver.ACTION_PROCESS_LOCATION
ADDED from src\main\AndroidManifest.xml:72:13-74:29
action#com.huawei.hmssample.location.LocationBroadcastReceiver.ACTION_PROCESS_LOCATION
ADDED from src\main\AndroidManifest.xml:73:17-122
	android:name
		ADDED from src\main\AndroidManifest.xml:73:25-119
receiver#com.huawei.hmssample2.geofence.GeoFenceBroadcastReceiver
ADDED from src\main\AndroidManifest.xml:76:9-82:20
	android:exported
		ADDED from src\main\AndroidManifest.xml:78:13-36
	android:name
		ADDED from src\main\AndroidManifest.xml:77:13-63
intent-filter#action:name:com.huawei.hmssample.geofence.GeoFenceBroadcastReceiver.ACTION_PROCESS_LOCATION
ADDED from src\main\AndroidManifest.xml:79:13-81:29
action#com.huawei.hmssample.geofence.GeoFenceBroadcastReceiver.ACTION_PROCESS_LOCATION
ADDED from src\main\AndroidManifest.xml:80:17-122
	android:name
		ADDED from src\main\AndroidManifest.xml:80:25-119
uses-sdk
INJECTED from src\main\AndroidManifest.xml reason: use-sdk injection requested
INJECTED from src\main\AndroidManifest.xml
INJECTED from src\main\AndroidManifest.xml
MERGED from [androidx.appcompat:appcompat:1.1.0] AndroidManifest.xml:20:5-22:41
MERGED from [androidx.appcompat:appcompat:1.1.0] AndroidManifest.xml:20:5-22:41
MERGED from [com.huawei.hms:location:6.0.0.302] AndroidManifest.xml:7:5-9:41
MERGED from [com.huawei.hms:location:6.0.0.302] AndroidManifest.xml:7:5-9:41
MERGED from [com.android.support.constraint:constraint-layout:1.1.3] AndroidManifest.xml:5:5-7:41
MERGED from [com.android.support.constraint:constraint-layout:1.1.3] AndroidManifest.xml:5:5-7:41
MERGED from [androidx.cursoradapter:cursoradapter:1.0.0] AndroidManifest.xml:20:5-44
MERGED from [androidx.cursoradapter:cursoradapter:1.0.0] AndroidManifest.xml:20:5-44
MERGED from [androidx.fragment:fragment:1.1.0] AndroidManifest.xml:20:5-22:41
MERGED from [androidx.fragment:fragment:1.1.0] AndroidManifest.xml:20:5-22:41
MERGED from [androidx.appcompat:appcompat-resources:1.1.0] AndroidManifest.xml:20:5-22:41
MERGED from [androidx.appcompat:appcompat-resources:1.1.0] AndroidManifest.xml:20:5-22:41
MERGED from [androidx.drawerlayout:drawerlayout:1.0.0] AndroidManifest.xml:20:5-44
MERGED from [androidx.drawerlayout:drawerlayout:1.0.0] AndroidManifest.xml:20:5-44
MERGED from [androidx.vectordrawable:vectordrawable-animated:1.1.0] AndroidManifest.xml:20:5-22:41
MERGED from [androidx.vectordrawable:vectordrawable-animated:1.1.0] AndroidManifest.xml:20:5-22:41
MERGED from [androidx.vectordrawable:vectordrawable:1.1.0] AndroidManifest.xml:20:5-22:41
MERGED from [androidx.vectordrawable:vectordrawable:1.1.0] AndroidManifest.xml:20:5-22:41
MERGED from [com.huawei.hms.LocationLiteSdk:core:2.0.0.302] AndroidManifest.xml:7:5-9:41
MERGED from [com.huawei.hms.LocationLiteSdk:core:2.0.0.302] AndroidManifest.xml:7:5-9:41
MERGED from [androidx.viewpager:viewpager:1.0.0] AndroidManifest.xml:20:5-44
MERGED from [androidx.viewpager:viewpager:1.0.0] AndroidManifest.xml:20:5-44
MERGED from [androidx.loader:loader:1.0.0] AndroidManifest.xml:20:5-44
MERGED from [androidx.loader:loader:1.0.0] AndroidManifest.xml:20:5-44
MERGED from [androidx.activity:activity:1.0.0] AndroidManifest.xml:20:5-22:41
MERGED from [androidx.activity:activity:1.0.0] AndroidManifest.xml:20:5-22:41
MERGED from [androidx.customview:customview:1.0.0] AndroidManifest.xml:20:5-44
MERGED from [androidx.customview:customview:1.0.0] AndroidManifest.xml:20:5-44
MERGED from [androidx.core:core:1.3.1] AndroidManifest.xml:20:5-22:41
MERGED from [androidx.core:core:1.3.1] AndroidManifest.xml:20:5-22:41
MERGED from [androidx.versionedparcelable:versionedparcelable:1.1.0] AndroidManifest.xml:20:5-22:41
MERGED from [androidx.versionedparcelable:versionedparcelable:1.1.0] AndroidManifest.xml:20:5-22:41
MERGED from [androidx.lifecycle:lifecycle-viewmodel:2.1.0] AndroidManifest.xml:20:5-44
MERGED from [androidx.lifecycle:lifecycle-viewmodel:2.1.0] AndroidManifest.xml:20:5-44
MERGED from [androidx.lifecycle:lifecycle-runtime:2.1.0] AndroidManifest.xml:20:5-44
MERGED from [androidx.lifecycle:lifecycle-runtime:2.1.0] AndroidManifest.xml:20:5-44
MERGED from [androidx.savedstate:savedstate:1.0.0] AndroidManifest.xml:20:5-22:41
MERGED from [androidx.savedstate:savedstate:1.0.0] AndroidManifest.xml:20:5-22:41
MERGED from [androidx.interpolator:interpolator:1.0.0] AndroidManifest.xml:20:5-44
MERGED from [androidx.interpolator:interpolator:1.0.0] AndroidManifest.xml:20:5-44
MERGED from [androidx.lifecycle:lifecycle-livedata:2.0.0] AndroidManifest.xml:20:5-44
MERGED from [androidx.lifecycle:lifecycle-livedata:2.0.0] AndroidManifest.xml:20:5-44
MERGED from [androidx.lifecycle:lifecycle-livedata-core:2.0.0] AndroidManifest.xml:20:5-44
MERGED from [androidx.lifecycle:lifecycle-livedata-core:2.0.0] AndroidManifest.xml:20:5-44
MERGED from [androidx.arch.core:core-runtime:2.0.0] AndroidManifest.xml:20:5-44
MERGED from [androidx.arch.core:core-runtime:2.0.0] AndroidManifest.xml:20:5-44
MERGED from [com.huawei.hms:ucs-credential-developers:1.0.1.312] AndroidManifest.xml:7:5-9:41
MERGED from [com.huawei.hms:ucs-credential-developers:1.0.1.312] AndroidManifest.xml:7:5-9:41
MERGED from [com.huawei.hms:hianalytics:5.2.0.301] AndroidManifest.xml:7:5-9:41
MERGED from [com.huawei.hms:hianalytics:5.2.0.301] AndroidManifest.xml:7:5-9:41
MERGED from [com.huawei.hms:opendevice:5.1.1.301] AndroidManifest.xml:5:5-7:41
MERGED from [com.huawei.hms:opendevice:5.1.1.301] AndroidManifest.xml:5:5-7:41
MERGED from [com.huawei.hms:base:5.3.0.301] AndroidManifest.xml:5:5-7:41
MERGED from [com.huawei.hms:base:5.3.0.301] AndroidManifest.xml:5:5-7:41
MERGED from [com.huawei.hms:availableupdate:5.3.0.301] AndroidManifest.xml:5:5-7:41
MERGED from [com.huawei.hms:availableupdate:5.3.0.301] AndroidManifest.xml:5:5-7:41
MERGED from [com.huawei.hms:stats:5.3.0.301] AndroidManifest.xml:5:5-7:41
MERGED from [com.huawei.hms:stats:5.3.0.301] AndroidManifest.xml:5:5-7:41
MERGED from [com.huawei.hms:ui:5.3.0.301] AndroidManifest.xml:5:5-7:41
MERGED from [com.huawei.hms:ui:5.3.0.301] AndroidManifest.xml:5:5-7:41
MERGED from [com.huawei.hms:device:5.3.0.301] AndroidManifest.xml:6:5-9:61
MERGED from [com.huawei.hms:device:5.3.0.301] AndroidManifest.xml:6:5-9:61
MERGED from [com.huawei.hms:log:5.3.0.301] AndroidManifest.xml:5:5-7:41
MERGED from [com.huawei.hms:log:5.3.0.301] AndroidManifest.xml:5:5-7:41
MERGED from [com.huawei.agconnect:agconnect-credential:1.4.0.300] AndroidManifest.xml:7:5-10:70
MERGED from [com.huawei.agconnect:agconnect-credential:1.4.0.300] AndroidManifest.xml:7:5-10:70
MERGED from [com.huawei.agconnect:agconnect-core:1.5.0.300] AndroidManifest.xml:6:5-8:41
MERGED from [com.huawei.agconnect:agconnect-core:1.5.0.300] AndroidManifest.xml:6:5-8:41
MERGED from [com.huawei.agconnect:agconnect-https:1.4.0.300] AndroidManifest.xml:7:5-9:41
MERGED from [com.huawei.agconnect:agconnect-https:1.4.0.300] AndroidManifest.xml:7:5-9:41
MERGED from [com.huawei.hmf:tasks:1.4.1.300] AndroidManifest.xml:6:5-8:41
MERGED from [com.huawei.hmf:tasks:1.4.1.300] AndroidManifest.xml:6:5-8:41
MERGED from [com.huawei.hms:update:3.0.2.300] AndroidManifest.xml:7:5-9:41
MERGED from [com.huawei.hms:update:3.0.2.300] AndroidManifest.xml:7:5-9:41
MERGED from [com.huawei.hms:network-embedded:5.0.2.300] AndroidManifest.xml:8:5-10:41
MERGED from [com.huawei.hms:network-embedded:5.0.2.300] AndroidManifest.xml:8:5-10:41
MERGED from [com.huawei.hms:network-grs:5.0.4.300] AndroidManifest.xml:7:5-9:41
MERGED from [com.huawei.hms:network-grs:5.0.4.300] AndroidManifest.xml:7:5-9:41
MERGED from [com.huawei.android.hms:security-intent:1.1.5.306] AndroidManifest.xml:7:5-43
MERGED from [com.huawei.android.hms:security-intent:1.1.5.306] AndroidManifest.xml:7:5-43
MERGED from [com.huawei.android.hms:security-base:1.1.5.306] AndroidManifest.xml:7:5-43
MERGED from [com.huawei.android.hms:security-base:1.1.5.306] AndroidManifest.xml:7:5-43
MERGED from [com.huawei.hms:hatool:5.3.0.301] AndroidManifest.xml:5:5-7:41
MERGED from [com.huawei.hms:hatool:5.3.0.301] AndroidManifest.xml:5:5-7:41
MERGED from [com.huawei.android.hms:security-ssl:1.1.5.306] AndroidManifest.xml:7:5-43
MERGED from [com.huawei.android.hms:security-ssl:1.1.5.306] AndroidManifest.xml:7:5-43
MERGED from [com.huawei.android.hms:security-encrypt:1.1.5.306] AndroidManifest.xml:7:5-9:41
MERGED from [com.huawei.android.hms:security-encrypt:1.1.5.306] AndroidManifest.xml:7:5-9:41
MERGED from [com.huawei.hms:network-framework-compat:5.0.4.300] AndroidManifest.xml:7:5-9:41
MERGED from [com.huawei.hms:network-framework-compat:5.0.4.300] AndroidManifest.xml:7:5-9:41
MERGED from [com.huawei.hms:network-api:5.0.2.300] AndroidManifest.xml:9:5-12:66
MERGED from [com.huawei.hms:network-api:5.0.2.300] AndroidManifest.xml:9:5-12:66
MERGED from [com.huawei.hms:network-base:5.0.2.300] AndroidManifest.xml:7:5-9:41
MERGED from [com.huawei.hms:network-base:5.0.2.300] AndroidManifest.xml:7:5-9:41
MERGED from [com.huawei.hms:network-common:5.0.4.300] AndroidManifest.xml:7:5-9:41
MERGED from [com.huawei.hms:network-common:5.0.4.300] AndroidManifest.xml:7:5-9:41
MERGED from [com.huawei.hms:ucs-common:1.0.1.312] AndroidManifest.xml:7:5-9:41
MERGED from [com.huawei.hms:ucs-common:1.0.1.312] AndroidManifest.xml:7:5-9:41
MERGED from [com.huawei.hms:componentverifysdk:11.2.1.300] AndroidManifest.xml:6:5-8:41
MERGED from [com.huawei.hms:componentverifysdk:11.2.1.300] AndroidManifest.xml:6:5-8:41
MERGED from [com.huawei.hms:dynamic-api:1.0.17.300] AndroidManifest.xml:7:5-9:41